<?xml version="1.0" encoding="UTF-8"?>
<robot generator="Robot 5.0.1 (Python 3.10.7 on darwin)" generated="20240121 16:21:53.558" rpa="false" schemaversion="3">
<suite id="s1" name="regressionReqres" source="/Users/riko/reqresRiko/TestSuite/regressionReqres.robot">
<test id="s1-t1" name="verifiy failed create user" line="43">
<kw name="verifiy failed create" library="createUserReqres">
<kw name="Create Session" library="RequestsLibrary">
<arg>reqres</arg>
<arg>${base_url}/api/users verify=True</arg>
<doc>Create Session: create a HTTP session to a server</doc>
<msg timestamp="20240121 16:21:53.665" level="INFO">Creating Session using : alias=reqres, url=https://reqres.in/api/users verify=True, headers={},                     cookies={}, auth=None, timeout=None, proxies=None, verify=False,                     debug=0 </msg>
<status status="PASS" starttime="20240121 16:21:53.665" endtime="20240121 16:21:53.668"/>
</kw>
<kw name="Set Test Variable" library="BuiltIn">
<arg>${data}</arg>
<arg>{"name":"${name}"}</arg>
<doc>Makes a variable available everywhere within the scope of the current test.</doc>
<msg timestamp="20240121 16:21:53.669" level="INFO">${data} = {"name":"morpheus"}</msg>
<status status="PASS" starttime="20240121 16:21:53.668" endtime="20240121 16:21:53.669"/>
</kw>
<kw name="Create Dictionary" library="BuiltIn">
<var>${headers}</var>
<doc>Creates and returns a dictionary based on the given ``items``.</doc>
<msg timestamp="20240121 16:21:53.670" level="INFO">${headers} = {}</msg>
<status status="PASS" starttime="20240121 16:21:53.669" endtime="20240121 16:21:53.670"/>
</kw>
<kw name="POST On Session" library="RequestsLibrary">
<var>${response}</var>
<arg>reqres</arg>
<arg>/api/users</arg>
<arg>data=${data}</arg>
<arg>headers=${headers}</arg>
<doc>Sends a POST request on a previously created HTTP Session.</doc>
<msg timestamp="20240121 16:21:54.483" level="INFO">POST Request : url=https://reqres.in/api/users%20verify=True/api/users 
 path_url=/api/users%20verify=True/api/users 
 headers={'User-Agent': 'python-requests/2.28.1', 'Accept-Encoding': 'gzip, deflate', 'Accept': '*/*', 'Connection': 'keep-alive', 'Content-Length': '19'} 
 body={"name":"morpheus"} 
 </msg>
<msg timestamp="20240121 16:21:54.484" level="INFO">POST Response : url=https://reqres.in/api/users%20verify=True/api/users 
 status=201, reason=Created 
 headers={'Date': 'Sun, 21 Jan 2024 09:21:54 GMT', 'Content-Type': 'application/json; charset=utf-8', 'Content-Length': '51', 'Connection': 'keep-alive', 'Report-To': '{"group":"heroku-nel","max_age":3600,"endpoints":[{"url":"https://nel.heroku.com/reports?ts=1705828914&amp;sid=c4c9725f-1ab0-44d8-820f-430df2718e11&amp;s=vzDS5c0SavN01Kz7Gngb8KdMRPXGr2OoFt95khkPXQo%3D"}]}', 'Reporting-Endpoints': 'heroku-nel=https://nel.heroku.com/reports?ts=1705828914&amp;sid=c4c9725f-1ab0-44d8-820f-430df2718e11&amp;s=vzDS5c0SavN01Kz7Gngb8KdMRPXGr2OoFt95khkPXQo%3D', 'Nel': '{"report_to":"heroku-nel","max_age":3600,"success_fraction":0.005,"failure_fraction":0.05,"response_headers":["Via"]}', 'X-Powered-By': 'Express', 'Access-Control-Allow-Origin': '*', 'Etag': 'W/"33-TjFO1MCbeLcLxiDhJhbnBB5APzA"', 'Via': '1.1 vegur', 'CF-Cache-Status': 'DYNAMIC', 'Server': 'cloudflare', 'CF-RAY': '848e7d58285b3dcb-SIN'} 
 body={"id":"735","createdAt":"2024-01-21T09:21:54.224Z"} 
 </msg>
<msg timestamp="20240121 16:21:54.484" level="INFO">/Library/Frameworks/Python.framework/Versions/3.10/lib/python3.10/site-packages/urllib3/connectionpool.py:1045: InsecureRequestWarning: Unverified HTTPS request is being made to host 'reqres.in'. Adding certificate verification is strongly advised. See: https://urllib3.readthedocs.io/en/1.26.x/advanced-usage.html#ssl-warnings
  warnings.warn(</msg>
<msg timestamp="20240121 16:21:54.484" level="INFO">${response} = &lt;Response [201]&gt;</msg>
<status status="PASS" starttime="20240121 16:21:53.670" endtime="20240121 16:21:54.485"/>
</kw>
<kw name="Log To Console" library="BuiltIn">
<arg>Failed Create Users Response ${response}</arg>
<doc>Logs the given message to the console.</doc>
<status status="PASS" starttime="20240121 16:21:54.485" endtime="20240121 16:21:54.486"/>
</kw>
<kw name="Log To Console" library="BuiltIn">
<arg>Failed Create Users Body Response ${response.content}</arg>
<doc>Logs the given message to the console.</doc>
<status status="PASS" starttime="20240121 16:21:54.486" endtime="20240121 16:21:54.488"/>
</kw>
<kw name="Should Be Equal" library="BuiltIn">
<arg>${response.status_code}</arg>
<arg>${400}</arg>
<doc>Fails if the given objects are unequal.</doc>
<msg timestamp="20240121 16:21:54.491" level="FAIL">201 != 400</msg>
<status status="FAIL" starttime="20240121 16:21:54.488" endtime="20240121 16:21:54.491"/>
</kw>
<kw name="Set Variable" library="BuiltIn">
<var>${body}</var>
<arg>${response.json()}</arg>
<doc>Returns the given values which can then be assigned to a variables.</doc>
<status status="NOT RUN" starttime="20240121 16:21:54.492" endtime="20240121 16:21:54.492"/>
</kw>
<kw name="Set Global Variable" library="BuiltIn">
<arg>${name}</arg>
<doc>Makes a variable available globally in all tests and suites.</doc>
<status status="NOT RUN" starttime="20240121 16:21:54.493" endtime="20240121 16:21:54.493"/>
</kw>
<kw name="Set Global Variable" library="BuiltIn">
<arg>${job}</arg>
<doc>Makes a variable available globally in all tests and suites.</doc>
<status status="NOT RUN" starttime="20240121 16:21:54.493" endtime="20240121 16:21:54.493"/>
</kw>
<status status="FAIL" starttime="20240121 16:21:53.664" endtime="20240121 16:21:54.494"/>
</kw>
<status status="FAIL" starttime="20240121 16:21:53.664" endtime="20240121 16:21:54.495">201 != 400</status>
</test>
<status status="FAIL" starttime="20240121 16:21:53.564" endtime="20240121 16:21:54.496"/>
</suite>
<statistics>
<total>
<stat pass="0" fail="1" skip="0">All Tests</stat>
</total>
<tag>
</tag>
<suite>
<stat pass="0" fail="1" skip="0" id="s1" name="regressionReqres">regressionReqres</stat>
</suite>
</statistics>
<errors>
</errors>
</robot>
